{"recorder_version":"31","session":"0e9a2c840783","build":"193.6911.18.40.6626763","bucket":"21","time":1598263793870,"group":{"id":"settings","version":"4"},"event":{"state":true,"data":{"component":"validation.unreachable.whitelist","created":1598263793996},"id":"validation.unreachable.whitelist"}}
{"recorder_version":"31","session":"0e9a2c840783","build":"193.6911.18.40.6626763","bucket":"21","time":1598263793887,"group":{"id":"settings","version":"4"},"event":{"state":true,"data":{"component":"validation.unreachable.whitelist","created":1598263794004,"name":"validation.unreachable.whitelist","type":"validation.unreachable.whitelist","value":"validation.unreachable.whitelist"},"id":"validation.unreachable.whitelist"}}
{"recorder_version":"31","session":"0e9a2c840783","build":"193.6911.18.40.6626763","bucket":"21","time":1598263793888,"group":{"id":"settings","version":"4"},"event":{"state":true,"data":{"component":"validation.unreachable.whitelist","created":1598263794068},"id":"validation.unreachable.whitelist"}}
{"recorder_version":"31","session":"0e9a2c840783","build":"193.6911.18.40.6626763","bucket":"21","time":1598263793908,"group":{"id":"settings","version":"4"},"event":{"state":true,"data":{"component":"validation.unreachable.whitelist","created":1598263794075,"name":"validation.unreachable.whitelist","type":"validation.unreachable.whitelist","value":"validation.unreachable.whitelist"},"id":"validation.unreachable.whitelist"}}
{"recorder_version":"31","session":"0e9a2c840783","build":"193.6911.18.40.6626763","bucket":"21","time":1598263793909,"group":{"id":"settings","version":"4"},"event":{"state":true,"data":{"component":"validation.unreachable.whitelist","created":1598263794075},"id":"validation.unreachable.whitelist"}}
{"recorder_version":"31","session":"0e9a2c840783","build":"193.6911.18.40.6626763","bucket":"21","time":1598263793912,"group":{"id":"system.java","version":"1"},"event":{"state":true,"data":{"created":1598263794076,"version":"validation.unreachable.whitelist"},"id":"validation.unreachable.whitelist"}}
{"recorder_version":"31","session":"0e9a2c840783","build":"193.6911.18.40.6626763","bucket":"21","time":1598263793912,"group":{"id":"system.java","version":"1"},"event":{"state":true,"data":{"created":1598263794076},"id":"validation.unreachable.whitelist"}}
{"recorder_version":"31","session":"0e9a2c840783","build":"193.6911.18.40.6626763","bucket":"21","time":1598263793929,"group":{"id":"system.os","version":"3"},"event":{"state":true,"data":{"created":1598263794078,"version":"validation.unreachable.whitelist"},"id":"validation.unreachable.whitelist"}}
{"recorder_version":"31","session":"0e9a2c840783","build":"193.6911.18.40.6626763","bucket":"21","time":1598263793929,"group":{"id":"system.os","version":"3"},"event":{"state":true,"data":{"created":1598263794078,"name":"validation.unreachable.whitelist","version":"validation.unreachable.whitelist"},"id":"validation.unreachable.whitelist"}}
{"recorder_version":"31","session":"0e9a2c840783","build":"193.6911.18.40.6626763","bucket":"21","time":1598263793929,"group":{"id":"system.os","version":"3"},"event":{"state":true,"data":{"created":1598263794078,"value":"validation.unreachable.whitelist"},"id":"validation.unreachable.whitelist"}}
{"recorder_version":"31","session":"0e9a2c840783","build":"193.6911.18.40.6626763","bucket":"21","time":1598263793929,"group":{"id":"system.os","version":"3"},"event":{"state":true,"data":{"created":1598263794079},"id":"validation.unreachable.whitelist"}}
{"recorder_version":"31","session":"0e9a2c840783","build":"193.6911.18.40.6626763","bucket":"21","time":1598263793993,"group":{"id":"event.log","version":"31"},"event":{"count":1,"data":{"created":1598263794080,"version":"validation.unreachable.whitelist"},"id":"validation.unreachable.whitelist"}}
{"recorder_version":"31","session":"0e9a2c840783","build":"193.6911.18.40.6626763","bucket":"21","time":1598263797660,"group":{"id":"performance","version":"31"},"event":{"count":5,"data":{"duration_ms":"validation.unreachable.whitelist","last":1598263797671,"created":1598263797673},"id":"validation.unreachable.whitelist"}}
{"recorder_version":"31","session":"0e9a2c840783","build":"193.6911.18.40.6626763","bucket":"21","time":1598263797673,"group":{"id":"import.old.config","version":"3"},"event":{"count":1,"data":{"config_folder_exists":"validation.unreachable.whitelist","created":1598263797677,"selected":"validation.unreachable.whitelist"},"id":"validation.unreachable.whitelist"}}
{"recorder_version":"31","session":"0e9a2c840783","build":"193.6911.18.40.6626763","bucket":"21","time":1598263797784,"group":{"id":"settings","version":"4"},"event":{"state":true,"data":{"component":"validation.unreachable.whitelist","created":1598263797792},"id":"validation.unreachable.whitelist"}}
{"recorder_version":"31","session":"0e9a2c840783","build":"193.6911.18.40.6626763","bucket":"21","time":1598263797810,"group":{"id":"lifecycle","version":"31"},"event":{"count":1,"data":{"eap":"validation.unreachable.whitelist","created":1598263797835},"id":"validation.unreachable.whitelist"}}
{"recorder_version":"31","session":"0e9a2c840783","build":"193.6911.18.40.6626763","bucket":"21","time":1598263798568,"group":{"id":"settings","version":"4"},"event":{"state":true,"data":{"component":"validation.unreachable.whitelist","created":1598263798570},"id":"validation.unreachable.whitelist"}}
{"recorder_version":"31","session":"0e9a2c840783","build":"193.6911.18.40.6626763","bucket":"21","time":1598263799442,"group":{"id":"performance","version":"31"},"event":{"count":2,"data":{"duration_ms":"validation.unreachable.whitelist","last":1598263799449,"created":1598263799449},"id":"validation.unreachable.whitelist"}}
{"recorder_version":"31","session":"0e9a2c840783","build":"193.6911.18.40.6626763","bucket":"21","time":1598263799869,"group":{"id":"ui.dialogs","version":"31"},"event":{"count":1,"data":{"created":1598263799870,"dialog_class":"validation.unreachable.whitelist"},"id":"validation.unreachable.whitelist"}}
{"recorder_version":"31","session":"0e9a2c840783","build":"193.6911.18.40.6626763","bucket":"21","time":1598263800297,"group":{"id":"performance","version":"31"},"event":{"count":1,"data":{"duration_ms":"validation.unreachable.whitelist","created":1598263800323},"id":"validation.unreachable.whitelist"}}
{"recorder_version":"31","session":"0e9a2c840783","build":"193.6911.18.40.6626763","bucket":"21","time":1598263804495,"group":{"id":"ui.dialogs","version":"31"},"event":{"count":1,"data":{"code":"validation.unreachable.whitelist","created":1598263804496,"dialog_class":"validation.unreachable.whitelist"},"id":"validation.unreachable.whitelist"}}
{"recorder_version":"31","session":"0e9a2c840783","build":"193.6911.18.40.6626763","bucket":"21","time":1598263805476,"group":{"id":"performance","version":"31"},"event":{"count":1,"data":{"duration_ms":"validation.unreachable.whitelist","created":1598263805479},"id":"validation.unreachable.whitelist"}}
{"recorder_version":"31","session":"0e9a2c840783","build":"193.6911.18.40.6626763","bucket":"21","time":1598263805479,"group":{"id":"settings","version":"4"},"event":{"state":true,"data":{"component":"validation.unreachable.whitelist","created":1598263805480},"id":"validation.unreachable.whitelist"}}
{"recorder_version":"31","session":"0e9a2c840783","build":"193.6911.18.40.6626763","bucket":"21","time":1598263813028,"group":{"id":"actions","version":"31"},"event":{"count":1,"data":{"context_menu":"validation.unreachable.whitelist","action_id":"validation.unreachable.whitelist","created":1598263813028,"plugin_type":"validation.unreachable.whitelist","place":"validation.unreachable.whitelist","class":"validation.unreachable.whitelist"},"id":"validation.unreachable.whitelist"}}
{"recorder_version":"31","session":"0e9a2c840783","build":"193.6911.18.40.6626763","bucket":"21","time":1598263813126,"group":{"id":"ui.dialogs","version":"31"},"event":{"count":1,"data":{"created":1598263813126,"dialog_class":"validation.unreachable.whitelist"},"id":"validation.unreachable.whitelist"}}
{"recorder_version":"31","session":"0e9a2c840783","build":"193.6911.18.40.6626763","bucket":"21","time":1598263858522,"group":{"id":"ui.dialogs","version":"31"},"event":{"count":1,"data":{"code":"validation.unreachable.whitelist","created":1598263858522,"dialog_class":"validation.unreachable.whitelist"},"id":"validation.unreachable.whitelist"}}
{"recorder_version":"31","session":"0e9a2c840783","build":"193.6911.18.40.6626763","bucket":"21","time":1598263898247,"group":{"id":"performance","version":"31"},"event":{"count":1,"data":{"duration_ms":"validation.unreachable.whitelist","created":1598263898247},"id":"validation.unreachable.whitelist"}}
{"recorder_version":"31","session":"0e9a2c840783","build":"193.6911.18.40.6626763","bucket":"21","time":1598263998441,"group":{"id":"performance","version":"31"},"event":{"count":1,"data":{"duration_ms":"validation.unreachable.whitelist","created":1598263998441},"id":"validation.unreachable.whitelist"}}
{"recorder_version":"31","session":"0e9a2c840783","build":"193.6911.18.40.6626763","bucket":"21","time":1598264097660,"group":{"id":"java.find.usages","version":"1"},"event":{"count":1,"data":{"created":1598264097660},"id":"validation.unreachable.whitelist"}}
{"recorder_version":"31","session":"0e9a2c840783","build":"193.6911.18.40.6626763","bucket":"21","time":1598264097660,"group":{"id":"file.types.usage","version":"31"},"event":{"count":1,"data":{"created":1598264097661},"id":"validation.unreachable.whitelist"}}
{"recorder_version":"31","session":"0e9a2c840783","build":"193.6911.18.40.6626763","bucket":"21","time":1598264097660,"group":{"id":"ide.script.engine","version":"2"},"event":{"count":1,"data":{"created":1598264097661},"id":"validation.unreachable.whitelist"}}
{"recorder_version":"31","session":"0e9a2c840783","build":"193.6911.18.40.6626763","bucket":"21","time":1598264097660,"group":{"id":"oc.clangd.crash","version":"1"},"event":{"count":1,"data":{"created":1598264097661},"id":"validation.unreachable.whitelist"}}
{"recorder_version":"31","session":"0e9a2c840783","build":"193.6911.18.40.6626763","bucket":"21","time":1598264097660,"group":{"id":"live.templates","version":"31"},"event":{"count":1,"data":{"created":1598264097661},"id":"validation.unreachable.whitelist"}}
{"recorder_version":"31","session":"0e9a2c840783","build":"193.6911.18.40.6626763","bucket":"21","time":1598264097660,"group":{"id":"ide.self.update","version":"2"},"event":{"count":1,"data":{"created":1598264097661},"id":"validation.unreachable.whitelist"}}
{"recorder_version":"31","session":"0e9a2c840783","build":"193.6911.18.40.6626763","bucket":"21","time":1598264097660,"group":{"id":"lifecycle","version":"31"},"event":{"count":1,"data":{"created":1598264097661},"id":"validation.unreachable.whitelist"}}
{"recorder_version":"31","session":"0e9a2c840783","build":"193.6911.18.40.6626763","bucket":"21","time":1598264097660,"group":{"id":"vcs.diff.trigger","version":"1"},"event":{"count":1,"data":{"created":1598264097661},"id":"validation.unreachable.whitelist"}}
{"recorder_version":"31","session":"0e9a2c840783","build":"193.6911.18.40.6626763","bucket":"21","time":1598264097660,"group":{"id":"debugger.breakpoints.usage","version":"2"},"event":{"count":1,"data":{"created":1598264097662},"id":"validation.unreachable.whitelist"}}
{"recorder_version":"31","session":"0e9a2c840783","build":"193.6911.18.40.6626763","bucket":"21","time":1598264097660,"group":{"id":"startup","version":"1"},"event":{"count":1,"data":{"created":1598264097662},"id":"validation.unreachable.whitelist"}}
{"recorder_version":"31","session":"0e9a2c840783","build":"193.6911.18.40.6626763","bucket":"21","time":1598264097660,"group":{"id":"find","version":"2"},"event":{"count":1,"data":{"created":1598264097662},"id":"validation.unreachable.whitelist"}}
{"recorder_version":"31","session":"0e9a2c840783","build":"193.6911.18.40.6626763","bucket":"21","time":1598264097660,"group":{"id":"gutter.icon.click","version":"2"},"event":{"count":1,"data":{"created":1598264097662},"id":"validation.unreachable.whitelist"}}
{"recorder_version":"31","session":"0e9a2c840783","build":"193.6911.18.40.6626763","bucket":"21","time":1598264097660,"group":{"id":"shell.script","version":"1"},"event":{"count":1,"data":{"created":1598264097662},"id":"validation.unreachable.whitelist"}}
{"recorder_version":"31","session":"0e9a2c840783","build":"193.6911.18.40.6626763","bucket":"21","time":1598264097660,"group":{"id":"new.project.wizard","version":"1"},"event":{"count":1,"data":{"created":1598264097662},"id":"validation.unreachable.whitelist"}}
{"recorder_version":"31","session":"0e9a2c840783","build":"193.6911.18.40.6626763","bucket":"21","time":1598264097660,"group":{"id":"intentions","version":"31"},"event":{"count":1,"data":{"created":1598264097662},"id":"validation.unreachable.whitelist"}}
{"recorder_version":"31","session":"0e9a2c840783","build":"193.6911.18.40.6626763","bucket":"21","time":1598264097660,"group":{"id":"settings.repository","version":"1"},"event":{"count":1,"data":{"created":1598264097662},"id":"validation.unreachable.whitelist"}}
{"recorder_version":"31","session":"0e9a2c840783","build":"193.6911.18.40.6626763","bucket":"21","time":1598264097660,"group":{"id":"vcs.change.reminder","version":"2"},"event":{"count":1,"data":{"created":1598264097663},"id":"validation.unreachable.whitelist"}}
{"recorder_version":"31","session":"0e9a2c840783","build":"193.6911.18.40.6626763","bucket":"21","time":1598264097660,"group":{"id":"create.directory.dialog","version":"1"},"event":{"count":1,"data":{"created":1598264097663},"id":"validation.unreachable.whitelist"}}
{"recorder_version":"31","session":"0e9a2c840783","build":"193.6911.18.40.6626763","bucket":"21","time":1598264097660,"group":{"id":"json.schema","version":"1"},"event":{"count":1,"data":{"created":1598264097663},"id":"validation.unreachable.whitelist"}}
{"recorder_version":"31","session":"0e9a2c840783","build":"193.6911.18.40.6626763","bucket":"21","time":1598264097660,"group":{"id":"terminalShell","version":"1"},"event":{"count":1,"data":{"created":1598264097663},"id":"validation.unreachable.whitelist"}}
{"recorder_version":"31","session":"0e9a2c840783","build":"193.6911.18.40.6626763","bucket":"21","time":1598264097660,"group":{"id":"rename.refactoring","version":"1"},"event":{"count":1,"data":{"created":1598264097663},"id":"validation.unreachable.whitelist"}}
{"recorder_version":"31","session":"0e9a2c840783","build":"193.6911.18.40.6626763","bucket":"21","time":1598264097660,"group":{"id":"actions","version":"31"},"event":{"count":1,"data":{"created":1598264097663},"id":"validation.unreachable.whitelist"}}
{"recorder_version":"31","session":"0e9a2c840783","build":"193.6911.18.40.6626763","bucket":"21","time":1598264097660,"group":{"id":"event.log","version":"31"},"event":{"count":1,"data":{"created":1598264097663},"id":"validation.unreachable.whitelist"}}
{"recorder_version":"31","session":"0e9a2c840783","build":"193.6911.18.40.6626763","bucket":"21","time":1598264097660,"group":{"id":"run.configuration.exec","version":"31"},"event":{"count":1,"data":{"created":1598264097664},"id":"validation.unreachable.whitelist"}}
{"recorder_version":"31","session":"0e9a2c840783","build":"193.6911.18.40.6626763","bucket":"21","time":1598264097660,"group":{"id":"oc.clangd.completion","version":"1"},"event":{"count":1,"data":{"created":1598264097664},"id":"validation.unreachable.whitelist"}}
{"recorder_version":"31","session":"0e9a2c840783","build":"193.6911.18.40.6626763","bucket":"21","time":1598264097660,"group":{"id":"build.tools.actions","version":"1"},"event":{"count":1,"data":{"created":1598264097664},"id":"validation.unreachable.whitelist"}}
{"recorder_version":"31","session":"0e9a2c840783","build":"193.6911.18.40.6626763","bucket":"21","time":1598264097660,"group":{"id":"file.editor","version":"2"},"event":{"count":1,"data":{"created":1598264097664},"id":"validation.unreachable.whitelist"}}
{"recorder_version":"31","session":"0e9a2c840783","build":"193.6911.18.40.6626763","bucket":"21","time":1598264097660,"group":{"id":"vfs","version":"2"},"event":{"count":1,"data":{"created":1598264097665},"id":"validation.unreachable.whitelist"}}
{"recorder_version":"31","session":"0e9a2c840783","build":"193.6911.18.40.6626763","bucket":"21","time":1598264097660,"group":{"id":"project.import","version":"2"},"event":{"count":1,"data":{"created":1598264097665},"id":"validation.unreachable.whitelist"}}
{"recorder_version":"31","session":"0e9a2c840783","build":"193.6911.18.40.6626763","bucket":"21","time":1598264097660,"group":{"id":"actions.runAnything","version":"1"},"event":{"count":1,"data":{"created":1598264097665},"id":"validation.unreachable.whitelist"}}
{"recorder_version":"31","session":"0e9a2c840783","build":"193.6911.18.40.6626763","bucket":"21","time":1598264097660,"group":{"id":"toolwindow","version":"31"},"event":{"count":1,"data":{"created":1598264097665},"id":"validation.unreachable.whitelist"}}
{"recorder_version":"31","session":"0e9a2c840783","build":"193.6911.18.40.6626763","bucket":"21","time":1598264097660,"group":{"id":"cidr.testingFrameworks.usages","version":"2"},"event":{"count":1,"data":{"created":1598264097665},"id":"validation.unreachable.whitelist"}}
{"recorder_version":"31","session":"0e9a2c840783","build":"193.6911.18.40.6626763","bucket":"21","time":1598264097660,"group":{"id":"ui.settings","version":"31"},"event":{"count":1,"data":{"created":1598264097665},"id":"validation.unreachable.whitelist"}}
{"recorder_version":"31","session":"0e9a2c840783","build":"193.6911.18.40.6626763","bucket":"21","time":1598264097660,"group":{"id":"vcs.log.trigger","version":"2"},"event":{"count":1,"data":{"created":1598264097665},"id":"validation.unreachable.whitelist"}}
{"recorder_version":"31","session":"0e9a2c840783","build":"193.6911.18.40.6626763","bucket":"21","time":1598264097660,"group":{"id":"productivity","version":"31"},"event":{"count":1,"data":{"created":1598264097665},"id":"validation.unreachable.whitelist"}}
{"recorder_version":"31","session":"0e9a2c840783","build":"193.6911.18.40.6626763","bucket":"21","time":1598264097660,"group":{"id":"oc","version":"2"},"event":{"count":1,"data":{"created":1598264097665},"id":"validation.unreachable.whitelist"}}
{"recorder_version":"31","session":"0e9a2c840783","build":"193.6911.18.40.6626763","bucket":"21","time":1598264097660,"group":{"id":"ui.event","version":"3"},"event":{"count":1,"data":{"created":1598264097666},"id":"validation.unreachable.whitelist"}}
{"recorder_version":"31","session":"0e9a2c840783","build":"193.6911.18.40.6626763","bucket":"21","time":1598264097660,"group":{"id":"plugins.advertiser","version":"1"},"event":{"count":1,"data":{"created":1598264097666},"id":"validation.unreachable.whitelist"}}
{"recorder_version":"31","session":"0e9a2c840783","build":"193.6911.18.40.6626763","bucket":"21","time":1598264097660,"group":{"id":"editor.notification.panel","version":"1"},"event":{"count":1,"data":{"created":1598264097666},"id":"validation.unreachable.whitelist"}}
{"recorder_version":"31","session":"0e9a2c840783","build":"193.6911.18.40.6626763","bucket":"21","time":1598264097660,"group":{"id":"tooltip.action.events","version":"1"},"event":{"count":1,"data":{"created":1598264097666},"id":"validation.unreachable.whitelist"}}
{"recorder_version":"31","session":"0e9a2c840783","build":"193.6911.18.40.6626763","bucket":"21","time":1598264097660,"group":{"id":"indexing","version":"2"},"event":{"count":1,"data":{"created":1598264097666},"id":"validation.unreachable.whitelist"}}
{"recorder_version":"31","session":"0e9a2c840783","build":"193.6911.18.40.6626763","bucket":"21","time":1598264097660,"group":{"id":"vcs","version":"2"},"event":{"count":1,"data":{"created":1598264097666},"id":"validation.unreachable.whitelist"}}
{"recorder_version":"31","session":"0e9a2c840783","build":"193.6911.18.40.6626763","bucket":"21","time":1598264097660,"group":{"id":"ui.dialogs","version":"31"},"event":{"count":1,"data":{"created":1598264097666},"id":"validation.unreachable.whitelist"}}
{"recorder_version":"31","session":"0e9a2c840783","build":"193.6911.18.40.6626763","bucket":"21","time":1598264097660,"group":{"id":"vcs.back.forward.trigger","version":"1"},"event":{"count":1,"data":{"created":1598264097667},"id":"validation.unreachable.whitelist"}}
{"recorder_version":"31","session":"0e9a2c840783","build":"193.6911.18.40.6626763","bucket":"21","time":1598264097660,"group":{"id":"customize.wizard","version":"1"},"event":{"count":1,"data":{"created":1598264097667},"id":"validation.unreachable.whitelist"}}
{"recorder_version":"31","session":"0e9a2c840783","build":"193.6911.18.40.6626763","bucket":"21","time":1598264097660,"group":{"id":"ide.update.dialog","version":"1"},"event":{"count":1,"data":{"created":1598264097667},"id":"validation.unreachable.whitelist"}}
{"recorder_version":"31","session":"0e9a2c840783","build":"193.6911.18.40.6626763","bucket":"21","time":1598264097660,"group":{"id":"toolbar","version":"31"},"event":{"count":1,"data":{"created":1598264097667},"id":"validation.unreachable.whitelist"}}
{"recorder_version":"31","session":"0e9a2c840783","build":"193.6911.18.40.6626763","bucket":"21","time":1598264097660,"group":{"id":"build.gradle.actions","version":"1"},"event":{"count":1,"data":{"created":1598264097667},"id":"validation.unreachable.whitelist"}}
{"recorder_version":"31","session":"0e9a2c840783","build":"193.6911.18.40.6626763","bucket":"21","time":1598264097660,"group":{"id":"oc.clangd.memoryLimitExceedances","version":"1"},"event":{"count":1,"data":{"created":1598264097668},"id":"validation.unreachable.whitelist"}}
{"recorder_version":"31","session":"0e9a2c840783","build":"193.6911.18.40.6626763","bucket":"21","time":1598264097660,"group":{"id":"performance","version":"31"},"event":{"count":1,"data":{"created":1598264097668},"id":"validation.unreachable.whitelist"}}
{"recorder_version":"31","session":"0e9a2c840783","build":"193.6911.18.40.6626763","bucket":"21","time":1598264097660,"group":{"id":"build","version":"2"},"event":{"count":1,"data":{"created":1598264097668},"id":"validation.unreachable.whitelist"}}
{"recorder_version":"31","session":"0e9a2c840783","build":"193.6911.18.40.6626763","bucket":"21","time":1598264097660,"group":{"id":"searchEverywhere","version":"3"},"event":{"count":1,"data":{"created":1598264097668},"id":"validation.unreachable.whitelist"}}
{"recorder_version":"31","session":"0e9a2c840783","build":"193.6911.18.40.6626763","bucket":"21","time":1598264097660,"group":{"id":"ui.tips","version":"3"},"event":{"count":1,"data":{"created":1598264097668},"id":"validation.unreachable.whitelist"}}
{"recorder_version":"31","session":"0e9a2c840783","build":"193.6911.18.40.6626763","bucket":"21","time":1598264097660,"group":{"id":"surround.with","version":"2"},"event":{"count":1,"data":{"created":1598264097668},"id":"validation.unreachable.whitelist"}}
{"recorder_version":"31","session":"0e9a2c840783","build":"193.6911.18.40.6626763","bucket":"21","time":1598264097660,"group":{"id":"import.old.config","version":"3"},"event":{"count":1,"data":{"created":1598264097668},"id":"validation.unreachable.whitelist"}}
{"recorder_version":"31","session":"0e9a2c840783","build":"193.6911.18.40.6626763","bucket":"21","time":1598264097660,"group":{"id":"completion.postfix","version":"31"},"event":{"count":1,"data":{"created":1598264097668},"id":"validation.unreachable.whitelist"}}
{"recorder_version":"31","session":"0e9a2c840783","build":"193.6911.18.40.6626763","bucket":"21","time":1598264098601,"group":{"id":"performance","version":"31"},"event":{"count":1,"data":{"duration_ms":"validation.unreachable.whitelist","created":1598264098601},"id":"validation.unreachable.whitelist"}}
{"recorder_version":"31","session":"0e9a2c840783","build":"193.6911.18.40.6626763","bucket":"21","time":1598264198702,"group":{"id":"performance","version":"31"},"event":{"count":1,"data":{"duration_ms":"validation.unreachable.whitelist","created":1598264198702},"id":"validation.unreachable.whitelist"}}
{"recorder_version":"31","session":"0e9a2c840783","build":"193.6911.18.40.6626763","bucket":"21","time":1598264298840,"group":{"id":"performance","version":"31"},"event":{"count":1,"data":{"duration_ms":"validation.unreachable.whitelist","created":1598264298840},"id":"validation.unreachable.whitelist"}}
{"recorder_version":"31","session":"0e9a2c840783","build":"193.6911.18.40.6626763","bucket":"21","time":1598264398937,"group":{"id":"performance","version":"31"},"event":{"count":1,"data":{"duration_ms":"validation.unreachable.whitelist","created":1598264398937},"id":"validation.unreachable.whitelist"}}
{"recorder_version":"31","session":"0e9a2c840783","build":"193.6911.18.40.6626763","bucket":"21","time":1598264499065,"group":{"id":"performance","version":"31"},"event":{"count":1,"data":{"duration_ms":"validation.unreachable.whitelist","created":1598264499065},"id":"validation.unreachable.whitelist"}}
{"recorder_version":"31","session":"0e9a2c840783","build":"193.6911.18.40.6626763","bucket":"21","time":1598264599249,"group":{"id":"performance","version":"31"},"event":{"count":1,"data":{"duration_ms":"validation.unreachable.whitelist","created":1598264599249},"id":"validation.unreachable.whitelist"}}
{"recorder_version":"31","session":"0e9a2c840783","build":"193.6911.18.40.6626763","bucket":"21","time":1598264637460,"group":{"id":"performance","version":"31"},"event":{"count":1,"data":{"duration_ms":"validation.unreachable.whitelist","created":1598264637476},"id":"validation.unreachable.whitelist"}}
{"recorder_version":"31","session":"0e9a2c840783","build":"193.6911.18.40.6626763","bucket":"21","time":1598264648723,"group":{"id":"lifecycle","version":"31"},"event":{"count":1,"data":{"restart":"validation.unreachable.whitelist","created":1598264648723},"id":"validation.unreachable.whitelist"}}
